<?xml version="1.0" encoding="UTF-8"?>
<testsuite xmlns:xsi="http://www.w3.org/2001/XMLSchema-instance" xsi:noNamespaceSchemaLocation="https://maven.apache.org/surefire/maven-surefire-plugin/xsd/surefire-test-report.xsd" name="za.co.vodacom.RunCucumberTest" time="15.596" tests="2" errors="0" skipped="0" failures="0">
  <properties>
[...]
</properties>
  <testcase name="Open the forgot password page" classname="Forgot password page" time="8.696"/>
  <testcase name="Logging in to Vodacom WebApplication" classname="Logging in to Vodacom Application" time="6.398"/>
</testsuite>